<?xml version="1.0" encoding="UTF-8"?>
<!-- Generated by org.testng.reporters.JUnitXMLReporter -->
<testsuite hostname="admin-PC" ignored="0" name="Test" tests="4" failures="0" timestamp="2020-11-01T22:53:44 IST" time="0.09" errors="0">
  <testcase name="firstTest" time="0.015" classname="supportedAttributes.TestClass"/>
  <testcase name="firstTest" time="0.015" classname="supportedAttributes.TestClass2"/>
  <testcase name="secondTest" time="0.003" classname="supportedAttributes.TestClass"/>
  <testcase name="secondTest" time="0.008" classname="supportedAttributes.TestClass2"/>
</testsuite> <!-- Test -->
